<?xml version="1.0" encoding="UTF-8"?>
<testng-results skipped="0" failed="1" ignored="0" total="1" passed="0">
  <reporter-output>
  </reporter-output>
  <suite name="Default suite" duration-ms="244557" started-at="2018-09-22T03:08:34Z" finished-at="2018-09-22T03:12:38Z">
    <groups>
    </groups>
    <test name="Default test" duration-ms="244557" started-at="2018-09-22T03:08:34Z" finished-at="2018-09-22T03:12:38Z">
      <class name="test.CheckInvoiceTest">
        <test-method status="PASS" signature="preCondition()[pri:0, instance:test.CheckInvoiceTest@231f98ef]" name="preCondition" is-config="true" duration-ms="209622" started-at="2018-09-22T03:08:34Z" finished-at="2018-09-22T03:12:03Z">
          <reporter-output>
          </reporter-output>
        </test-method> <!-- preCondition -->
        <test-method status="FAIL" signature="checkInvoiceTest(java.lang.String, java.lang.String, java.lang.String, java.lang.String, java.lang.String, java.lang.String, java.lang.String, [Ljava.lang.String;, java.lang.String, java.lang.String, java.lang.String, [Ljava.lang.String;, java.lang.String, java.lang.String, java.lang.String)[pri:0, instance:test.CheckInvoiceTest@231f98ef]" name="checkInvoiceTest" duration-ms="34118" started-at="2018-09-22T03:12:03Z" data-provider="Invoice" finished-at="2018-09-22T03:12:37Z">
          <params>
            <param index="0">
              <value>
                <![CDATA[user@phptravels.com]]>
              </value>
            </param>
            <param index="1">
              <value>
                <![CDATA[demouser]]>
              </value>
            </param>
            <param index="2">
              <value>
                <![CDATA[Rendezvous Hotel]]>
              </value>
            </param>
            <param index="3">
              <value>
                <![CDATA[10/09/2018]]>
              </value>
            </param>
            <param index="4">
              <value>
                <![CDATA[11/09/2018]]>
              </value>
            </param>
            <param index="5">
              <value>
                <![CDATA[114]]>
              </value>
            </param>
            <param index="6">
              <value>
                <![CDATA[4259]]>
              </value>
            </param>
            <param index="7">
              <value>
                <![CDATA[[Ljava.lang.String;@16c069df]]>
              </value>
            </param>
            <param index="8">
              <value>
                <![CDATA[Junior Suites]]>
              </value>
            </param>
            <param index="9">
              <value>
                <![CDATA[10/09/2018]]>
              </value>
            </param>
            <param index="10">
              <value>
                <![CDATA[11/09/2018]]>
              </value>
            </param>
            <param index="11">
              <value>
                <![CDATA[[Ljava.lang.String;@2bec854f]]>
              </value>
            </param>
            <param index="12">
              <value>
                <![CDATA[USD $27.50]]>
              </value>
            </param>
            <param index="13">
              <value>
                <![CDATA[USD $25]]>
              </value>
            </param>
            <param index="14">
              <value>
                <![CDATA[USD $275]]>
              </value>
            </param>
          </params>
          <exception class="java.lang.AssertionError">
            <message>
              <![CDATA[expected [Rendezvous Hotel] but found [Spectaculars Of The Nile 3 Nights]]]>
            </message>
            <full-stacktrace>
              <![CDATA[java.lang.AssertionError: expected [Rendezvous Hotel] but found [Spectaculars Of The Nile 3 Nights]
at org.testng.Assert.fail(Assert.java:96)
at org.testng.Assert.failNotEquals(Assert.java:776)
at org.testng.Assert.assertEqualsImpl(Assert.java:137)
at org.testng.Assert.assertEquals(Assert.java:118)
at org.testng.Assert.assertEquals(Assert.java:453)
at org.testng.Assert.assertEquals(Assert.java:463)
at test.CheckInvoiceTest.checkInvoiceTest(CheckInvoiceTest.java:35)
at sun.reflect.NativeMethodAccessorImpl.invoke0(Native Method)
at sun.reflect.NativeMethodAccessorImpl.invoke(Unknown Source)
at sun.reflect.DelegatingMethodAccessorImpl.invoke(Unknown Source)
at java.lang.reflect.Method.invoke(Unknown Source)
at org.testng.internal.MethodInvocationHelper.invokeMethod(MethodInvocationHelper.java:124)
at org.testng.internal.Invoker.invokeMethod(Invoker.java:580)
at org.testng.internal.Invoker.invokeTestMethod(Invoker.java:716)
at org.testng.internal.Invoker.invokeTestMethods(Invoker.java:988)
at org.testng.internal.TestMethodWorker.invokeTestMethods(TestMethodWorker.java:125)
at org.testng.internal.TestMethodWorker.run(TestMethodWorker.java:109)
at org.testng.TestRunner.privateRun(TestRunner.java:648)
at org.testng.TestRunner.run(TestRunner.java:505)
at org.testng.SuiteRunner.runTest(SuiteRunner.java:455)
at org.testng.SuiteRunner.runSequentially(SuiteRunner.java:450)
at org.testng.SuiteRunner.privateRun(SuiteRunner.java:415)
at org.testng.SuiteRunner.run(SuiteRunner.java:364)
at org.testng.SuiteRunnerWorker.runSuite(SuiteRunnerWorker.java:52)
at org.testng.SuiteRunnerWorker.run(SuiteRunnerWorker.java:84)
at org.testng.TestNG.runSuitesSequentially(TestNG.java:1208)
at org.testng.TestNG.runSuitesLocally(TestNG.java:1137)
at org.testng.TestNG.runSuites(TestNG.java:1049)
at org.testng.TestNG.run(TestNG.java:1017)
at org.testng.remote.AbstractRemoteTestNG.run(AbstractRemoteTestNG.java:114)
at org.testng.remote.RemoteTestNG.initAndRun(RemoteTestNG.java:251)
at org.testng.remote.RemoteTestNG.main(RemoteTestNG.java:77)
]]>
            </full-stacktrace>
          </exception> <!-- java.lang.AssertionError -->
          <reporter-output>
          </reporter-output>
        </test-method> <!-- checkInvoiceTest -->
        <test-method status="PASS" signature="postCondition()[pri:0, instance:test.CheckInvoiceTest@231f98ef]" name="postCondition" is-config="true" duration-ms="774" started-at="2018-09-22T03:12:37Z" finished-at="2018-09-22T03:12:38Z">
          <reporter-output>
          </reporter-output>
        </test-method> <!-- postCondition -->
      </class> <!-- test.CheckInvoiceTest -->
    </test> <!-- Default test -->
  </suite> <!-- Default suite -->
</testng-results>
